<?xml version="1.0" encoding="UTF-8"?>
<!-- Generated by org.testng.reporters.JUnitReportReporter -->
<testsuite skipped="0" hostname="DevsLap" name="mukesh.ReadDataFromExcelSheet" tests="5" failures="0" timestamp="13 May 2019 00:54:32 GMT" time="0.031" errors="0">
  <testcase name="takedata" time="0.016" classname="mukesh.ReadDataFromExcelSheet"/>
  <testcase name="takedata" time="0.000" classname="mukesh.ReadDataFromExcelSheet"/>
  <testcase name="takedata" time="0.000" classname="mukesh.ReadDataFromExcelSheet"/>
  <testcase name="takedata" time="0.000" classname="mukesh.ReadDataFromExcelSheet"/>
  <testcase name="takedata" time="0.015" classname="mukesh.ReadDataFromExcelSheet"/>
</testsuite> <!-- mukesh.ReadDataFromExcelSheet -->
