<?xml version="1.0" encoding="UTF-8"?>
<!-- Generated by org.testng.reporters.JUnitReportReporter -->
<testsuite skipped="0" hostname="DevsLap" name="youtubespecial.GetRowsColWebTable" tests="1" failures="0" timestamp="18 Jun 2019 09:53:30 GMT" time="49.590" errors="0">
  <testcase name="test1" time="49.590" classname="youtubespecial.GetRowsColWebTable"/>
</testsuite> <!-- youtubespecial.GetRowsColWebTable -->
